
> goreon@0.1.0 dev
> vite --host 0.0.0.0


  [32m[1mVITE[22m v7.3.2[39m  [2mready in [0m[1m283[22m[2m[0m ms[22m

  [32m➜[39m  [1mLocal[22m:   [36mhttp://localhost:[1m3000[22m/[39m
  [32m➜[39m  [1mNetwork[22m: [36mhttp://192.168.17.75:[1m3000[22m/[39m
[2m오후 4:05:15[22m [36m[1m[vite][22m[39m [90m[2m(client)[22m[39m [32mhmr update [39m[2m/src/pages/MyPage/MyPage.scss[22m
[2m오후 4:09:11[22m [36m[1m[vite][22m[39m [90m[2m(client)[22m[39m [32mhmr update [39m[2m/src/pages/MyPage/MyPage.scss[22m
[2m오후 4:11:41[22m [36m[1m[vite][22m[39m [90m[2m(client)[22m[39m [32mhmr update [39m[2m/src/pages/MyPage/MyPage.scss[22m
[2m오후 4:14:11[22m [36m[1m[vite][22m[39m [90m[2m(client)[22m[39m [32mhmr update [39m[2m/src/pages/MyPage/MyPage.jsx[22m
[2m오후 4:14:18[22m [36m[1m[vite][22m[39m [90m[2m(client)[22m[39m [32mhmr update [39m[2m/src/pages/MyPage/MyPage.scss[22m
[2m오후 4:17:23[22m [36m[1m[vite][22m[39m [90m[2m(client)[22m[39m [32mhmr update [39m[2m/src/pages/MyPage/MyPage.scss[22m
[2m오후 4:19:58[22m [36m[1m[vite][22m[39m [90m[2m(client)[22m[39m [32mhmr update [39m[2m/src/pages/MyPage/MyPage.scss[22m
[2m오후 4:22:33[22m [36m[1m[vite][22m[39m [90m[2m(client)[22m[39m [32mhmr update [39m[2m/src/pages/MyPage/MyPage.scss[22m
[2m오후 4:23:32[22m [36m[1m[vite][22m[39m [90m[2m(client)[22m[39m [32mhmr update [39m[2m/src/pages/MyPage/MyPage.scss[22m
[2m오후 4:26:13[22m [36m[1m[vite][22m[39m [90m[2m(client)[22m[39m [32mhmr update [39m[2m/src/pages/MyPage/MyPage.scss[22m
[2m오후 4:28:43[22m [36m[1m[vite][22m[39m [90m[2m(client)[22m[39m [32mhmr update [39m[2m/src/pages/MyPage/MyPage.jsx[22m
[2m오후 4:29:02[22m [36m[1m[vite][22m[39m [90m[2m(client)[22m[39m [32mhmr update [39m[2m/src/pages/MyPage/MyPage.scss[22m
[2m오후 4:30:44[22m [36m[1m[vite][22m[39m [90m[2m(client)[22m[39m [32mhmr update [39m[2m/src/pages/MyPage/MyPage.scss[22m
[2m오후 4:31:35[22m [36m[1m[vite][22m[39m [90m[2m(client)[22m[39m [32mhmr update [39m[2m/src/pages/MyPage/MyPage.scss[22m
[2m오후 4:33:00[22m [36m[1m[vite][22m[39m [90m[2m(client)[22m[39m [32mhmr update [39m[2m/src/pages/MyPage/MyPage.scss[22m
[2m오후 4:33:45[22m [36m[1m[vite][22m[39m [90m[2m(client)[22m[39m [32mhmr update [39m[2m/src/pages/MyPage/MyPage.scss[22m
[2m오후 4:34:24[22m [36m[1m[vite][22m[39m [90m[2m(client)[22m[39m [32mhmr update [39m[2m/src/pages/MyPage/MyPage.scss[22m
[2m오후 4:35:19[22m [36m[1m[vite][22m[39m [90m[2m(client)[22m[39m [32mhmr update [39m[2m/src/pages/MyPage/MyPage.scss[22m
[2m오후 4:35:50[22m [36m[1m[vite][22m[39m [90m[2m(client)[22m[39m [32mhmr update [39m[2m/src/pages/MyPage/MyPage.scss[22m
[2m오후 4:36:27[22m [36m[1m[vite][22m[39m [90m[2m(client)[22m[39m [32mhmr update [39m[2m/src/pages/MyPage/MyPage.scss[22m
[2m오후 4:36:30[22m [36m[1m[vite][22m[39m [90m[2m(client)[22m[39m [32mhmr update [39m[2m/src/pages/MyPage/MyPage.scss[22m
[2m오후 4:36:37[22m [36m[1m[vite][22m[39m [90m[2m(client)[22m[39m [32mhmr update [39m[2m/src/pages/MyPage/MyPage.scss[22m
[2m오후 4:36:45[22m [36m[1m[vite][22m[39m [90m[2m(client)[22m[39m [32mhmr update [39m[2m/src/pages/MyPage/MyPage.scss[22m
[2m오후 4:36:51[22m [36m[1m[vite][22m[39m [90m[2m(client)[22m[39m [32mhmr update [39m[2m/src/pages/MyPage/MyPage.scss[22m
[2m오후 4:36:53[22m [36m[1m[vite][22m[39m [90m[2m(client)[22m[39m [32mhmr update [39m[2m/src/pages/MyPage/MyPage.scss[22m
[2m오후 4:37:18[22m [36m[1m[vite][22m[39m [90m[2m(client)[22m[39m [32mhmr update [39m[2m/src/pages/MyPage/MyPage.scss[22m
[2m오후 4:38:01[22m [36m[1m[vite][22m[39m [90m[2m(client)[22m[39m [32mhmr update [39m[2m/src/pages/MyPage/MyPage.scss[22m
[2m오후 4:38:09[22m [36m[1m[vite][22m[39m [90m[2m(client)[22m[39m [32mhmr update [39m[2m/src/pages/MyPage/MyPage.scss[22m
[2m오후 4:38:26[22m [36m[1m[vite][22m[39m [90m[2m(client)[22m[39m [32mhmr update [39m[2m/src/pages/MyPage/MyPage.scss[22m
[2m오후 4:38:34[22m [36m[1m[vite][22m[39m [90m[2m(client)[22m[39m [32mhmr update [39m[2m/src/pages/MyPage/MyPage.scss[22m
[2m오후 4:38:36[22m [36m[1m[vite][22m[39m [90m[2m(client)[22m[39m [32mhmr update [39m[2m/src/pages/MyPage/MyPage.scss[22m
[2m오후 4:40:54[22m [36m[1m[vite][22m[39m [90m[2m(client)[22m[39m [32mhmr update [39m[2m/src/pages/MyPage/MyPage.scss[22m
[2m오후 4:41:11[22m [36m[1m[vite][22m[39m [90m[2m(client)[22m[39m [32mhmr update [39m[2m/src/pages/MyPage/MyPage.scss[22m
[2m오후 4:43:45[22m [36m[1m[vite][22m[39m [90m[2m(client)[22m[39m [32mhmr update [39m[2m/src/pages/MyPage/MyPage.jsx[22m
[2m오후 4:43:58[22m [36m[1m[vite][22m[39m [90m[2m(client)[22m[39m [32mhmr update [39m[2m/src/pages/MyPage/MyPage.scss[22m
[2m오후 4:44:54[22m [36m[1m[vite][22m[39m [90m[2m(client)[22m[39m [32mhmr update [39m[2m/src/pages/MyPage/MyPage.scss[22m
[2m오후 4:46:20[22m [36m[1m[vite][22m[39m [90m[2m(client)[22m[39m [32mhmr update [39m[2m/src/pages/MyPage/MyPage.scss[22m
[2m오후 4:56:09[22m [36m[1m[vite][22m[39m [90m[2m(client)[22m[39m [32mhmr update [39m[2m/src/pages/MyPage/MyPage.scss[22m
[2m오후 4:59:07[22m [36m[1m[vite][22m[39m [90m[2m(client)[22m[39m [32mhmr update [39m[2m/src/pages/MyPage/MyPage.scss[22m
[2m오후 4:59:58[22m [36m[1m[vite][22m[39m [90m[2m(client)[22m[39m [32mhmr update [39m[2m/src/pages/MyPage/MyPage.scss[22m
[2m오후 5:01:21[22m [36m[1m[vite][22m[39m [90m[2m(client)[22m[39m [32mhmr update [39m[2m/src/pages/MyPage/MyPage.scss[22m
